<?xml version="1.0" encoding="UTF-8"?>
<!-- Generated by org.testng.reporters.JUnitReportReporter -->
<testsuite hostname="DESKTOP-6QR7E27" failures="0" tests="9" name="com.restassuredAutomation.testcases2.TC001_Get_All_Employees" time="0.128" errors="1" timestamp="2022-09-09T12:09:26 IST" skipped="0">
  <testcase classname="com.restassuredAutomation.testcases2.TC001_Get_All_Employees" name="checkContentType" time="0.004"/>
  <system-out/>
  <testcase classname="com.restassuredAutomation.testcases2.TC001_Get_All_Employees" name="checkResponseTime" time="0.009"/>
  <system-out/>
  <testcase classname="com.restassuredAutomation.testcases2.TC001_Get_All_Employees" name="checkContentLength" time="0.033">
    <error message="Cannot parse null string" type="java.lang.NumberFormatException">
      <![CDATA[java.lang.NumberFormatException: Cannot parse null string
at java.base/java.lang.Integer.parseInt(Integer.java:630)
at java.base/java.lang.Integer.parseInt(Integer.java:786)
at com.restassuredAutomation.testcases2.TC001_Get_All_Employees.checkContentLength(TC001_Get_All_Employees.java:97)
at java.base/jdk.internal.reflect.NativeMethodAccessorImpl.invoke0(Native Method)
at java.base/jdk.internal.reflect.NativeMethodAccessorImpl.invoke(NativeMethodAccessorImpl.java:77)
at java.base/jdk.internal.reflect.DelegatingMethodAccessorImpl.invoke(DelegatingMethodAccessorImpl.java:43)
at java.base/java.lang.reflect.Method.invoke(Method.java:568)
at org.testng.internal.invokers.MethodInvocationHelper.invokeMethod(MethodInvocationHelper.java:139)
at org.testng.internal.invokers.TestInvoker.invokeMethod(TestInvoker.java:677)
at org.testng.internal.invokers.TestInvoker.invokeTestMethod(TestInvoker.java:221)
at org.testng.internal.invokers.MethodRunner.runInSequence(MethodRunner.java:50)
at org.testng.internal.invokers.TestInvoker$MethodInvocationAgent.invoke(TestInvoker.java:962)
at org.testng.internal.invokers.TestInvoker.invokeTestMethods(TestInvoker.java:194)
at org.testng.internal.invokers.TestMethodWorker.invokeTestMethods(TestMethodWorker.java:148)
at org.testng.internal.invokers.TestMethodWorker.run(TestMethodWorker.java:128)
at java.base/java.util.ArrayList.forEach(ArrayList.java:1511)
at org.testng.TestRunner.privateRun(TestRunner.java:806)
at org.testng.TestRunner.run(TestRunner.java:601)
at org.testng.SuiteRunner.runTest(SuiteRunner.java:433)
at org.testng.SuiteRunner.runSequentially(SuiteRunner.java:427)
at org.testng.SuiteRunner.privateRun(SuiteRunner.java:387)
at org.testng.SuiteRunner.run(SuiteRunner.java:330)
at org.testng.SuiteRunnerWorker.runSuite(SuiteRunnerWorker.java:52)
at org.testng.SuiteRunnerWorker.run(SuiteRunnerWorker.java:95)
at org.testng.TestNG.runSuitesSequentially(TestNG.java:1256)
at org.testng.TestNG.runSuitesLocally(TestNG.java:1176)
at org.testng.TestNG.runSuites(TestNG.java:1099)
at org.testng.TestNG.run(TestNG.java:1067)
at org.testng.remote.AbstractRemoteTestNG.run(AbstractRemoteTestNG.java:115)
at org.testng.remote.RemoteTestNG.initAndRun(RemoteTestNG.java:251)
at org.testng.remote.RemoteTestNG.main(RemoteTestNG.java:77)
]]>
    </error>
  </testcase> <!-- checkContentLength -->
  <system-out/>
  <testcase classname="com.restassuredAutomation.testcases2.TC001_Get_All_Employees" name="checkCookies" time="0.004"/>
  <system-out/>
  <testcase classname="com.restassuredAutomation.testcases2.TC001_Get_All_Employees" name="check_responseBody" time="0.039"/>
  <system-out/>
  <testcase classname="com.restassuredAutomation.testcases2.TC001_Get_All_Employees" name="checkStatusLine" time="0.009"/>
  <system-out/>
  <testcase classname="com.restassuredAutomation.testcases2.TC001_Get_All_Employees" name="checkStatusCode" time="0.004"/>
  <system-out/>
  <testcase classname="com.restassuredAutomation.testcases2.TC001_Get_All_Employees" name="checkContentEncoding" time="0.022"/>
  <system-out/>
  <testcase classname="com.restassuredAutomation.testcases2.TC001_Get_All_Employees" name="checkServerType" time="0.004"/>
  <system-out/>
</testsuite> <!-- com.restassuredAutomation.testcases2.TC001_Get_All_Employees -->
